\BOOKMARK [0][-]{chapter.1}{\376\377\060\327\060\355\060\270\060\247\060\257\060\310\060\156\212\010\165\073\146\370}{}% 1
\BOOKMARK [1][-]{section.1.1}{\376\377\060\327\060\355\060\270\060\247\060\257\060\310\060\156\151\202\211\201}{chapter.1}% 2
\BOOKMARK [2][-]{subsection.1.1.1}{\376\377\060\327\060\355\060\270\060\247\060\257\060\310\060\156\230\114\166\356}{section.1.1}% 3
\BOOKMARK [2][-]{subsection.1.1.2}{\376\377\060\327\060\355\060\270\060\247\060\257\060\310\060\156\166\356\166\204}{section.1.1}% 4
\BOOKMARK [1][-]{section.1.2}{\376\377\171\076\117\032\166\204\200\314\146\157}{chapter.1}% 5
\BOOKMARK [2][-]{subsection.1.2.1}{\376\377\145\342\133\130\060\156\142\200\210\123\060\150\060\327\060\355\060\270\060\247\060\257\060\310\060\156\162\354\201\352\140\047}{section.1.2}% 6
\BOOKMARK [1][-]{section.1.3}{\376\377\060\271\060\263\060\374\060\327\060\373\060\336\060\315\060\270\060\341\060\363\060\310}{chapter.1}% 7
\BOOKMARK [2][-]{subsection.1.3.1}{\376\377\142\020\147\234\162\151}{section.1.3}% 8
\BOOKMARK [2][-]{subsection.1.3.2}{\376\377\060\327\060\355\060\270\060\247\060\257\060\310\060\156\133\376\214\141\173\304\126\362\060\150\227\136\133\376\214\141\173\304\126\362}{section.1.3}% 9
\BOOKMARK [2][-]{subsection.1.3.3}{\376\377\152\137\200\375\122\006\211\343\151\313\220\040\000F\000B\000S}{section.1.3}% 10
\BOOKMARK [2][-]{subsection.1.3.4}{\376\377\210\375\124\301\122\006\211\343\151\313\220\040\000P\000B\000S}{section.1.3}% 11
\BOOKMARK [2][-]{subsection.1.3.5}{\376\377\000F\000B\000S\060\150\000P\000B\000S\060\156\133\376\137\334\225\242\117\302}{section.1.3}% 12
\BOOKMARK [1][-]{section.1.4}{\376\377\117\134\151\155\212\010\165\073}{chapter.1}% 13
\BOOKMARK [2][-]{subsection.1.4.1}{\376\377\117\134\151\155\122\006\211\343\151\313\220\040\000W\000B\000S\060\150\173\241\164\006\165\152\123\367}{section.1.4}% 14
\BOOKMARK [2][-]{subsection.1.4.2}{\376\377\060\242\060\355\060\374\060\300\060\244\060\242\060\260\060\351\060\340\060\150\060\257\060\352\060\306\060\243\060\253\060\353\060\321\060\271}{section.1.4}% 15
\BOOKMARK [2][-]{subsection.1.4.3}{\376\377\137\171\122\162\122\006\142\305}{section.1.4}% 16
\BOOKMARK [2][-]{subsection.1.4.4}{\376\377\060\254\060\363\060\310\060\301\060\343\060\374\060\310}{section.1.4}% 17
\BOOKMARK [1][-]{section.1.5}{\376\377\151\034\212\074\060\150\131\245\137\123\140\047\170\272\212\215\000:\000\040\000V\000\046\000V\212\010\165\073}{chapter.1}% 18
\BOOKMARK [2][-]{subsection.1.5.1}{\376\377\060\327\060\355\060\270\060\247\060\257\060\310\060\156\142\020\147\234\162\151\060\153\133\376\060\131\060\213\147\011\122\271\143\007\152\031\000M\000O\000E}{section.1.5}% 19
\BOOKMARK [2][-]{subsection.1.5.2}{\376\377\147\011\122\271\143\007\152\031\000M\000O\000E\060\153\133\376\137\334\060\131\060\213\140\047\200\375\143\007\152\031\000M\000O\000P}{section.1.5}% 20
\BOOKMARK [2][-]{subsection.1.5.3}{\376\377\060\267\060\271\060\306\060\340\060\306\060\271\060\310\060\147\212\125\117\241\060\131\060\213\140\047\200\375\143\007\152\031\000M\000O\000P}{section.1.5}% 21
\BOOKMARK [2][-]{subsection.1.5.4}{\376\377\175\120\124\010\060\306\060\271\060\310\060\147\212\125\117\241\060\131\060\213\140\047\200\375\143\007\152\031\000M\000O\000P}{section.1.5}% 22
\BOOKMARK [2][-]{subsection.1.5.5}{\376\377\123\130\117\123\060\306\060\271\060\310\060\147\212\125\117\241\060\131\060\213\140\047\200\375\143\007\152\031\000M\000O\000P}{section.1.5}% 23
\BOOKMARK [2][-]{subsection.1.5.6}{\376\377\060\327\060\355\060\270\060\247\060\257\060\310\116\055\060\153\166\343\211\226\060\131\060\213\142\200\210\123\140\047\200\375\143\007\152\031\000T\000P\000M}{section.1.5}% 24
\BOOKMARK [1][-]{section.1.6}{\376\377\214\307\156\220\060\373\212\277\220\124\173\241\164\006}{chapter.1}% 25
\BOOKMARK [1][-]{section.1.7}{\376\377\060\352\060\271\060\257\173\241\164\006}{chapter.1}% 26
\BOOKMARK [0][-]{chapter.2}{\376\377\060\267\060\271\060\306\060\340\060\156\127\372\147\054\212\055\212\010}{}% 27
\BOOKMARK [1][-]{section.2.1}{\376\377\152\137\200\375\116\000\211\247}{chapter.2}% 28
\BOOKMARK [1][-]{section.2.2}{\376\377\060\267\060\271\060\306\060\340\151\313\142\020\126\363}{chapter.2}% 29
\BOOKMARK [1][-]{section.2.3}{\376\377\144\315\117\134\060\244\060\363\060\277\060\374\060\325\060\247\060\374\060\271\212\055\212\010}{chapter.2}% 30
\BOOKMARK [1][-]{section.2.4}{\376\377\162\266\141\113\220\167\171\373\126\363}{chapter.2}% 31
\BOOKMARK [0][-]{chapter.3}{\376\377\060\267\060\271\060\306\060\340\060\156\212\163\175\060\212\055\212\010}{}% 32
\BOOKMARK [1][-]{section.3.1}{\376\377\220\350\124\301\116\000\211\247}{chapter.3}% 33
\BOOKMARK [1][-]{section.3.2}{\376\377\060\317\060\374\060\311\060\246\060\247\060\242\212\055\212\010}{chapter.3}% 34
\BOOKMARK [1][-]{section.3.3}{\376\377\060\275\060\325\060\310\060\246\060\247\060\242\212\055\212\010}{chapter.3}% 35
\BOOKMARK [2][-]{subsection.3.3.1}{\376\377\060\325\060\241\060\244\060\353\151\313\142\020}{section.3.3}% 36
\BOOKMARK [2][-]{subsection.3.3.2}{\376\377\220\032\117\341\212\055\212\010}{section.3.3}% 37
\BOOKMARK [2][-]{subsection.3.3.3}{\376\377\000L\000E\000D\060\336\060\310\060\352\060\257\060\271\060\170\060\156\153\114\212\136\210\150\171\072}{section.3.3}% 38
\BOOKMARK [2][-]{subsection.3.3.4}{\376\377\227\363\165\037\142\020\060\373\121\215\165\037}{section.3.3}% 39
\BOOKMARK [2][-]{subsection.3.3.5}{\376\377\123\327\121\111\152\137\200\375}{section.3.3}% 40
\BOOKMARK [1][-]{section.3.4}{\376\377\060\271\060\244\060\303\060\301\060\153\060\210\060\213\121\145\122\233\122\066\137\241\060\156\212\163\175\060\212\055\212\010}{chapter.3}% 41
\BOOKMARK [2][-]{subsection.3.4.1}{\376\377\121\145\122\233\060\324\060\363\060\156\122\162\060\212\137\123\060\146\060\150\122\035\147\037\212\055\133\232}{section.3.4}% 42
\BOOKMARK [2][-]{subsection.3.4.2}{\376\377\123\357\131\011\142\265\142\227\060\153\060\210\060\213\060\306\060\363\060\335\121\145\122\233}{section.3.4}% 43
\BOOKMARK [2][-]{subsection.3.4.3}{\376\377\123\357\131\011\142\265\142\227\060\153\060\210\060\213\122\006\127\047\060\156\123\237\164\006}{section.3.4}% 44
\BOOKMARK [2][-]{subsection.3.4.4}{\376\377\060\277\060\257\060\310\060\271\060\244\060\303\060\301\060\153\060\210\060\213\215\167\122\325\060\373\120\134\153\142\122\066\137\241}{section.3.4}% 45
\BOOKMARK [2][-]{subsection.3.4.5}{\376\377\121\145\122\233\122\066\137\241\060\156\121\346\164\006\060\325\060\355\060\374}{section.3.4}% 46
\BOOKMARK [2][-]{subsection.3.4.6}{\376\377\060\252\060\326\060\270\060\247\060\257\060\310\212\055\212\010\000\050\060\257\060\351\060\271\126\363\000\051}{section.3.4}% 47
\BOOKMARK [2][-]{subsection.3.4.7}{\376\377\225\242\145\160\212\055\212\010}{section.3.4}% 48
\BOOKMARK [1][-]{section.3.5}{\376\377\121\346\164\006\060\325\060\355\060\374\060\156\212\055\212\010}{chapter.3}% 49
\BOOKMARK [1][-]{section.3.6}{\376\377\060\306\060\271\060\310\060\156\212\055\212\010}{chapter.3}% 50
\BOOKMARK [2][-]{subsection.3.6.1}{\376\377\060\267\060\271\060\306\060\340\060\306\060\271\060\310\060\156\212\055\212\010}{section.3.6}% 51
\BOOKMARK [2][-]{subsection.3.6.2}{\376\377\175\120\124\010\060\306\060\271\060\310\060\156\212\055\212\010}{section.3.6}% 52
\BOOKMARK [2][-]{subsection.3.6.3}{\376\377\123\130\117\123\060\306\060\271\060\310\060\156\212\055\212\010}{section.3.6}% 53
